<?xml version="1.0" encoding="UTF-8"?>
<!-- Generated by org.testng.reporters.JUnitXMLReporter -->
<testsuite hostname="Andreis-iMac.local" ignored="0" name="Default test" tests="4" failures="0" timestamp="30 Aug 2017 05:37:02 GMT" time="0.029" errors="0">
  <testcase name="subtract_test_2_param" time="0.01" classname="core.SubtractTest"/>
  <testcase name="subtract_test_3_param" time="0.001" classname="core.SubtractTest"/>
  <testcase name="subtract_test_4_param" time="0.001" classname="core.SubtractTest"/>
  <testcase name="subtract_test_instanceOf" time="0.002" classname="core.SubtractTest"/>
</testsuite> <!-- Default test -->
