<?xml version="1.0" encoding="UTF-8"?>
<testng-results skipped="0" failed="0" ignored="0" total="4" passed="4">
  <reporter-output>
  </reporter-output>
  <suite name="Default suite" duration-ms="29" started-at="2017-08-30T05:37:02Z" finished-at="2017-08-30T05:37:02Z">
    <groups>
    </groups>
    <test name="Default test" duration-ms="29" started-at="2017-08-30T05:37:02Z" finished-at="2017-08-30T05:37:02Z">
      <class name="core.SubtractTest">
        <test-method status="PASS" signature="subtract_test_2_param()[pri:0, instance:core.SubtractTest@1e88b3c]" name="subtract_test_2_param" duration-ms="10" started-at="2017-08-29T22:37:02Z" finished-at="2017-08-29T22:37:02Z">
          <reporter-output>
          </reporter-output>
        </test-method> <!-- subtract_test_2_param -->
        <test-method status="PASS" signature="subtract_test_3_param()[pri:0, instance:core.SubtractTest@1e88b3c]" name="subtract_test_3_param" duration-ms="1" started-at="2017-08-29T22:37:02Z" finished-at="2017-08-29T22:37:02Z">
          <reporter-output>
          </reporter-output>
        </test-method> <!-- subtract_test_3_param -->
        <test-method status="PASS" signature="subtract_test_4_param()[pri:0, instance:core.SubtractTest@1e88b3c]" name="subtract_test_4_param" duration-ms="1" started-at="2017-08-29T22:37:02Z" finished-at="2017-08-29T22:37:02Z">
          <reporter-output>
          </reporter-output>
        </test-method> <!-- subtract_test_4_param -->
        <test-method status="PASS" signature="subtract_test_instanceOf()[pri:0, instance:core.SubtractTest@1e88b3c]" name="subtract_test_instanceOf" duration-ms="2" started-at="2017-08-29T22:37:02Z" finished-at="2017-08-29T22:37:02Z">
          <reporter-output>
          </reporter-output>
        </test-method> <!-- subtract_test_instanceOf -->
      </class> <!-- core.SubtractTest -->
    </test> <!-- Default test -->
  </suite> <!-- Default suite -->
</testng-results>
